Using pre-set license
Built from '2020.3/release' branch; Version is '2020.3.1f1 (77a89f25062f) revision 7841951'; Using compiler version '192528614'; Build Type 'Release'
OS: 'Windows 10 Home; OS build 18363.1500; Version 1909; 64bit' Language: 'es' Physical Memory: 16245 MB
BatchMode: 1, IsHumanControllingUs: 0, StartBugReporterOnCrash: 0, Is64bit: 1, IsPro: 0

 COMMAND LINE ARGUMENTS:
C:\Program Files\Unity\Hub\Editor\2020.3.1f1\Editor\Unity.exe
-adb2
-batchMode
-noUpm
-name
AssetImportWorker1
-projectPath
D:/Phobiamend/Phobiamend
-logFile
Logs/AssetImportWorker1.log
-srvPort
50297
Successfully changed project path to: D:/Phobiamend/Phobiamend
D:/Phobiamend/Phobiamend
Using Asset Import Pipeline V2.
Refreshing native plugins compatible for Editor in 67.28 ms, found 3 plugins.
Preloading 1 native plugins for Editor in 1.14 ms.
Initialize engine version: 2020.3.1f1 (77a89f25062f)
[Subsystems] Discovering subsystems at path C:/Program Files/Unity/Hub/Editor/2020.3.1f1/Editor/Data/Resources/UnitySubsystems
[Subsystems] Discovering subsystems at path D:/Phobiamend/Phobiamend/Assets
GfxDevice: creating device client; threaded=0
Direct3D:
    Version:  Direct3D 11.0 [level 11.1]
    Renderer: NVIDIA GeForce GTX 960 (ID=0x1401)
    Vendor:   
    VRAM:     4053 MB
    Driver:   27.21.14.5730
Shader 'Universal Render Pipeline/Particles/Lit': fallback shader 'Universal Render Pipeline/Particles/SimpleLit' not found
Initialize mono
Mono path[0] = 'C:/Program Files/Unity/Hub/Editor/2020.3.1f1/Editor/Data/Managed'
Mono path[1] = 'C:/Program Files/Unity/Hub/Editor/2020.3.1f1/Editor/Data/MonoBleedingEdge/lib/mono/unityjit'
Mono config path = 'C:/Program Files/Unity/Hub/Editor/2020.3.1f1/Editor/Data/MonoBleedingEdge/etc'
Using monoOptions --debugger-agent=transport=dt_socket,embedding=1,server=y,suspend=n,address=127.0.0.1:56724
Begin MonoManager ReloadAssembly
Registering precompiled unity dll's ...
Register platform support module: C:/Program Files/Unity/Hub/Editor/2020.3.1f1/Editor/Data/PlaybackEngines/WindowsStandaloneSupport/UnityEditor.WindowsStandalone.Extensions.dll
Registered in 0.001508 seconds.
Native extension for WindowsStandalone target not found
Refreshing native plugins compatible for Editor in 60.04 ms, found 3 plugins.
Preloading 1 native plugins for Editor in 0.08 ms.
Invoked RoslynAnalysisRunner static constructor.
RoslynAnalysisRunner will not be running.
RoslynAnalysisRunner has terminated.
Mono: successfully reloaded assembly
- Completed reload, in  1.212 seconds
Platform modules already initialized, skipping
Registering precompiled user dll's ...
Registered in 0.001846 seconds.
Begin MonoManager ReloadAssembly
Native extension for WindowsStandalone target not found
Refreshing native plugins compatible for Editor in 91.47 ms, found 3 plugins.
Preloading 1 native plugins for Editor in 0.07 ms.
Invoked RoslynAnalysisRunner static constructor.
RoslynAnalysisRunner will not be running.
RoslynAnalysisRunner has terminated.
[XR] OculusXRPlugin: registering subsystems
[XR] Unable to register display lifecyle provider: [1]
[XR] Oculus Input lifecycle provider registered.
[XR] Unable to register input lifecyle provider: [1]
NullReferenceException: Object reference not set to an instance of an object
  at Unity.XR.Oculus.OculusLoader.AssetPathToAbsolutePath (System.String assetPath) [0x00048] in D:\Phobiamend\Phobiamend\Library\PackageCache\com.unity.xr.oculus@1.8.1\Runtime\OculusLoader.cs:243 
  at Unity.XR.Oculus.OculusLoader.EditorLoadOVRPlugin () [0x0007b] in D:\Phobiamend\Phobiamend\Library\PackageCache\com.unity.xr.oculus@1.8.1\Runtime\OculusLoader.cs:228 

(Filename: Library/PackageCache/com.unity.xr.oculus@1.8.1/Runtime/OculusLoader.cs Line: 243)

Mono: successfully reloaded assembly
- Completed reload, in  4.869 seconds
Platform modules already initialized, skipping
========================================================================
Worker process is ready to serve import requests
Shader 'Universal Render Pipeline/Particles/Lit': fallback shader 'Universal Render Pipeline/Particles/SimpleLit' not found
Launched and connected shader compiler UnityShaderCompiler.exe after 0.15 seconds
Refreshing native plugins compatible for Editor in 0.74 ms, found 3 plugins.
Preloading 1 native plugins for Editor in 0.07 ms.
Unloading 3051 Unused Serialized files (Serialized files now loaded: 0)
System memory in use before: 140.9 MB.
System memory in use after: 141.1 MB.

Unloading 13 unused Assets to reduce memory usage. Loaded Objects now: 3502.
Total: 3.971000 ms (FindLiveObjects: 0.357900 ms CreateObjectMapping: 0.234300 ms MarkObjects: 3.284500 ms  DeleteObjects: 0.092800 ms)

========================================================================
Received Import Request.
  path: Assets/Phobiamend/Scripts/Ring.cs
  artifactKey: Guid(768011ad18db4774c9376bf719117aa5) Importer(815301076,1909f56bfc062723c751e8b465ee728b)
Start importing Assets/Phobiamend/Scripts/Ring.cs using Guid(768011ad18db4774c9376bf719117aa5) Importer(815301076,1909f56bfc062723c751e8b465ee728b)  -> (artifact id: '116d34c650353bd746117c4a6292b4c5') in 0.062352 seconds
  Import took 0.072009 seconds .

========================================================================
Received Import Request.
  Time since last request: 1.765127 seconds.
  path: Assets/Phobiamend/Scripts/Ring.cs
  artifactKey: Guid(768011ad18db4774c9376bf719117aa5) Importer(815301076,1909f56bfc062723c751e8b465ee728b)
Start importing Assets/Phobiamend/Scripts/Ring.cs using Guid(768011ad18db4774c9376bf719117aa5) Importer(815301076,1909f56bfc062723c751e8b465ee728b)  -> (artifact id: '12bbed9a47a5f884e537358aa7b3a96c') in 0.001817 seconds
  Import took 0.013612 seconds .

========================================================================
Received Import Request.
  Time since last request: 1.615789 seconds.
  path: Assets/Phobiamend/Scripts/Ring.cs
  artifactKey: Guid(768011ad18db4774c9376bf719117aa5) Importer(815301076,1909f56bfc062723c751e8b465ee728b)
Start importing Assets/Phobiamend/Scripts/Ring.cs using Guid(768011ad18db4774c9376bf719117aa5) Importer(815301076,1909f56bfc062723c751e8b465ee728b)  -> (artifact id: 'a4ab296933bc4fbf8caa0ce570b5f907') in 0.002775 seconds
  Import took 0.011789 seconds .

========================================================================
Received Import Request.
  Time since last request: 1.806114 seconds.
  path: Assets/Phobiamend/Scripts/Ring.cs
  artifactKey: Guid(768011ad18db4774c9376bf719117aa5) Importer(815301076,1909f56bfc062723c751e8b465ee728b)
Start importing Assets/Phobiamend/Scripts/Ring.cs using Guid(768011ad18db4774c9376bf719117aa5) Importer(815301076,1909f56bfc062723c751e8b465ee728b)  -> (artifact id: '02af4761e66c4a6d2d69444e40ca1778') in 0.002844 seconds
  Import took 0.010489 seconds .

========================================================================
Received Import Request.
  Time since last request: 10.139466 seconds.
  path: Assets/Phobiamend/Scripts/Ring.cs
  artifactKey: Guid(768011ad18db4774c9376bf719117aa5) Importer(815301076,1909f56bfc062723c751e8b465ee728b)
Start importing Assets/Phobiamend/Scripts/Ring.cs using Guid(768011ad18db4774c9376bf719117aa5) Importer(815301076,1909f56bfc062723c751e8b465ee728b)  -> (artifact id: 'c78db889345284baa6426bf60b37b6ea') in 0.002495 seconds
  Import took 0.010542 seconds .

========================================================================
Received Import Request.
  Time since last request: 0.000437 seconds.
  path: Assets/Phobiamend/Scripts/Ring.cs
  artifactKey: Guid(768011ad18db4774c9376bf719117aa5) Importer(815301076,1909f56bfc062723c751e8b465ee728b)
Start importing Assets/Phobiamend/Scripts/Ring.cs using Guid(768011ad18db4774c9376bf719117aa5) Importer(815301076,1909f56bfc062723c751e8b465ee728b)  -> (artifact id: 'c78db889345284baa6426bf60b37b6ea') in 0.003976 seconds
  Import took 0.016871 seconds .

========================================================================
Received Import Request.
  Time since last request: 23.803851 seconds.
  path: Assets/Phobiamend/Scripts/Ring.cs
  artifactKey: Guid(768011ad18db4774c9376bf719117aa5) Importer(815301076,1909f56bfc062723c751e8b465ee728b)
Start importing Assets/Phobiamend/Scripts/Ring.cs using Guid(768011ad18db4774c9376bf719117aa5) Importer(815301076,1909f56bfc062723c751e8b465ee728b)  -> (artifact id: 'd2e88a171802cd82b2c658be86e10f79') in 0.005504 seconds
  Import took 0.012985 seconds .

========================================================================
Received Import Request.
  Time since last request: 4.963030 seconds.
  path: Assets/Phobiamend/Scripts/Ring.cs
  artifactKey: Guid(768011ad18db4774c9376bf719117aa5) Importer(815301076,1909f56bfc062723c751e8b465ee728b)
Start importing Assets/Phobiamend/Scripts/Ring.cs using Guid(768011ad18db4774c9376bf719117aa5) Importer(815301076,1909f56bfc062723c751e8b465ee728b)  -> (artifact id: '61f254de73e284af0319d8a013b888ae') in 0.001651 seconds
  Import took 0.008528 seconds .

========================================================================
Received Import Request.
  Time since last request: 362.621370 seconds.
  path: Assets/Phobiamend/Scripts/Ring.cs
  artifactKey: Guid(768011ad18db4774c9376bf719117aa5) Importer(815301076,1909f56bfc062723c751e8b465ee728b)
Start importing Assets/Phobiamend/Scripts/Ring.cs using Guid(768011ad18db4774c9376bf719117aa5) Importer(815301076,1909f56bfc062723c751e8b465ee728b)  -> (artifact id: 'b747eff4041b6d2811566a3d2d355384') in 0.002769 seconds
  Import took 0.009919 seconds .

========================================================================
Received Import Request.
  Time since last request: 149.630887 seconds.
  path: Assets/Phobiamend/Scripts/Ring.cs
  artifactKey: Guid(768011ad18db4774c9376bf719117aa5) Importer(815301076,1909f56bfc062723c751e8b465ee728b)
Start importing Assets/Phobiamend/Scripts/Ring.cs using Guid(768011ad18db4774c9376bf719117aa5) Importer(815301076,1909f56bfc062723c751e8b465ee728b)  -> (artifact id: 'eff788a4855491d72a5f3cbd86150f90') in 0.002220 seconds
  Import took 0.009473 seconds .

========================================================================
Received Import Request.
  Time since last request: 29.192601 seconds.
  path: Assets/Phobiamend/Scripts/Ring.cs
  artifactKey: Guid(768011ad18db4774c9376bf719117aa5) Importer(815301076,1909f56bfc062723c751e8b465ee728b)
Start importing Assets/Phobiamend/Scripts/Ring.cs using Guid(768011ad18db4774c9376bf719117aa5) Importer(815301076,1909f56bfc062723c751e8b465ee728b)  -> (artifact id: '5fc01782414e8e2c5e23e4c8ce2b9337') in 0.002584 seconds
  Import took 0.008713 seconds .

========================================================================
Received Import Request.
  Time since last request: 0.001171 seconds.
  path: Assets/Phobiamend/Scripts/Ring.cs
  artifactKey: Guid(768011ad18db4774c9376bf719117aa5) Importer(815301076,1909f56bfc062723c751e8b465ee728b)
Start importing Assets/Phobiamend/Scripts/Ring.cs using Guid(768011ad18db4774c9376bf719117aa5) Importer(815301076,1909f56bfc062723c751e8b465ee728b)  -> (artifact id: '5fc01782414e8e2c5e23e4c8ce2b9337') in 0.004790 seconds
  Import took 0.009893 seconds .

========================================================================
Received Import Request.
  Time since last request: 165.501589 seconds.
  path: Assets/Phobiamend/Scripts/Ring.cs
  artifactKey: Guid(768011ad18db4774c9376bf719117aa5) Importer(815301076,1909f56bfc062723c751e8b465ee728b)
Start importing Assets/Phobiamend/Scripts/Ring.cs using Guid(768011ad18db4774c9376bf719117aa5) Importer(815301076,1909f56bfc062723c751e8b465ee728b)  -> (artifact id: '0fd8ca3cf5bd3ade8f06c03868095cea') in 0.003288 seconds
  Import took 0.010417 seconds .

========================================================================
Received Import Request.
  Time since last request: 9.815212 seconds.
  path: Assets/Phobiamend/Scripts/Ring.cs
  artifactKey: Guid(768011ad18db4774c9376bf719117aa5) Importer(815301076,1909f56bfc062723c751e8b465ee728b)
Start importing Assets/Phobiamend/Scripts/Ring.cs using Guid(768011ad18db4774c9376bf719117aa5) Importer(815301076,1909f56bfc062723c751e8b465ee728b)  -> (artifact id: '47afbd2ea4bc76cc26b4f909424ccd66') in 0.004765 seconds
  Import took 0.010298 seconds .

========================================================================
Received Import Request.
  Time since last request: 33.513035 seconds.
  path: Assets/Phobiamend/Scripts/Ring.cs
  artifactKey: Guid(768011ad18db4774c9376bf719117aa5) Importer(815301076,1909f56bfc062723c751e8b465ee728b)
Start importing Assets/Phobiamend/Scripts/Ring.cs using Guid(768011ad18db4774c9376bf719117aa5) Importer(815301076,1909f56bfc062723c751e8b465ee728b)  -> (artifact id: '80ed4479f7b085ce7e8e196702f61131') in 0.002861 seconds
  Import took 0.007715 seconds .

========================================================================
Received Import Request.
  Time since last request: 19.225710 seconds.
  path: Assets/Phobiamend/Scripts/Ring.cs
  artifactKey: Guid(768011ad18db4774c9376bf719117aa5) Importer(815301076,1909f56bfc062723c751e8b465ee728b)
Start importing Assets/Phobiamend/Scripts/Ring.cs using Guid(768011ad18db4774c9376bf719117aa5) Importer(815301076,1909f56bfc062723c751e8b465ee728b)  -> (artifact id: 'cf78c2f5a4f9c6b5cb41e2ab2184f477') in 0.001614 seconds
  Import took 0.008138 seconds .

========================================================================
Received Import Request.
  Time since last request: 8.615309 seconds.
  path: Assets/Phobiamend/Scripts/Ring.cs
  artifactKey: Guid(768011ad18db4774c9376bf719117aa5) Importer(815301076,1909f56bfc062723c751e8b465ee728b)
Start importing Assets/Phobiamend/Scripts/Ring.cs using Guid(768011ad18db4774c9376bf719117aa5) Importer(815301076,1909f56bfc062723c751e8b465ee728b)  -> (artifact id: '0a420fe9f8b887f30809edc6fbbe491e') in 0.002887 seconds
  Import took 0.009407 seconds .

========================================================================
Received Import Request.
  Time since last request: 20.397871 seconds.
  path: Assets/Phobiamend/Scripts/Ring.cs
  artifactKey: Guid(768011ad18db4774c9376bf719117aa5) Importer(815301076,1909f56bfc062723c751e8b465ee728b)
Start importing Assets/Phobiamend/Scripts/Ring.cs using Guid(768011ad18db4774c9376bf719117aa5) Importer(815301076,1909f56bfc062723c751e8b465ee728b)  -> (artifact id: '777a3b500285f28534cab67faa3d6f2a') in 0.001554 seconds
  Import took 0.006772 seconds .

========================================================================
Received Import Request.
  Time since last request: 24.336233 seconds.
  path: Assets/Phobiamend/Scripts/Ring.cs
  artifactKey: Guid(768011ad18db4774c9376bf719117aa5) Importer(815301076,1909f56bfc062723c751e8b465ee728b)
Start importing Assets/Phobiamend/Scripts/Ring.cs using Guid(768011ad18db4774c9376bf719117aa5) Importer(815301076,1909f56bfc062723c751e8b465ee728b)  -> (artifact id: '02d6ded8e9da593c87d3bb9e7c106e8c') in 0.002273 seconds
  Import took 0.007262 seconds .

========================================================================
Received Prepare
Registering precompiled user dll's ...
Registered in 0.001523 seconds.
Begin MonoManager ReloadAssembly
Native extension for WindowsStandalone target not found
Refreshing native plugins compatible for Editor in 0.60 ms, found 3 plugins.
Preloading 1 native plugins for Editor in 0.06 ms.
Invoked RoslynAnalysisRunner static constructor.
RoslynAnalysisRunner will not be running.
RoslynAnalysisRunner has terminated.
NullReferenceException: Object reference not set to an instance of an object
  at Unity.XR.Oculus.OculusLoader.AssetPathToAbsolutePath (System.String assetPath) [0x00048] in D:\Phobiamend\Phobiamend\Library\PackageCache\com.unity.xr.oculus@1.8.1\Runtime\OculusLoader.cs:243 
  at Unity.XR.Oculus.OculusLoader.EditorLoadOVRPlugin () [0x0007b] in D:\Phobiamend\Phobiamend\Library\PackageCache\com.unity.xr.oculus@1.8.1\Runtime\OculusLoader.cs:228 

(Filename: Library/PackageCache/com.unity.xr.oculus@1.8.1/Runtime/OculusLoader.cs Line: 243)

Mono: successfully reloaded assembly
- Completed reload, in  0.865 seconds
Platform modules already initialized, skipping
Shader 'Universal Render Pipeline/Particles/Lit': fallback shader 'Universal Render Pipeline/Particles/SimpleLit' not found
Refreshing native plugins compatible for Editor in 0.57 ms, found 3 plugins.
Preloading 1 native plugins for Editor in 0.05 ms.
Unloading 2901 Unused Serialized files (Serialized files now loaded: 0)
System memory in use before: 132.5 MB.
System memory in use after: 132.7 MB.

Unloading 7 unused Assets to reduce memory usage. Loaded Objects now: 3506.
Total: 3.074400 ms (FindLiveObjects: 0.261700 ms CreateObjectMapping: 0.119000 ms MarkObjects: 2.673100 ms  DeleteObjects: 0.019100 ms)

========================================================================
Received Prepare
Registering precompiled user dll's ...
Registered in 0.002223 seconds.
Begin MonoManager ReloadAssembly
Native extension for WindowsStandalone target not found
Refreshing native plugins compatible for Editor in 0.58 ms, found 3 plugins.
Preloading 1 native plugins for Editor in 0.06 ms.
Invoked RoslynAnalysisRunner static constructor.
RoslynAnalysisRunner will not be running.
RoslynAnalysisRunner has terminated.
NullReferenceException: Object reference not set to an instance of an object
  at Unity.XR.Oculus.OculusLoader.AssetPathToAbsolutePath (System.String assetPath) [0x00048] in D:\Phobiamend\Phobiamend\Library\PackageCache\com.unity.xr.oculus@1.8.1\Runtime\OculusLoader.cs:243 
  at Unity.XR.Oculus.OculusLoader.EditorLoadOVRPlugin () [0x0007b] in D:\Phobiamend\Phobiamend\Library\PackageCache\com.unity.xr.oculus@1.8.1\Runtime\OculusLoader.cs:228 

(Filename: Library/PackageCache/com.unity.xr.oculus@1.8.1/Runtime/OculusLoader.cs Line: 243)

Mono: successfully reloaded assembly
- Completed reload, in  0.926 seconds
Platform modules already initialized, skipping
Shader 'Universal Render Pipeline/Particles/Lit': fallback shader 'Universal Render Pipeline/Particles/SimpleLit' not found
Refreshing native plugins compatible for Editor in 0.60 ms, found 3 plugins.
Preloading 1 native plugins for Editor in 0.06 ms.
Unloading 2901 Unused Serialized files (Serialized files now loaded: 0)
System memory in use before: 132.5 MB.
System memory in use after: 132.8 MB.

Unloading 7 unused Assets to reduce memory usage. Loaded Objects now: 3510.
Total: 3.521800 ms (FindLiveObjects: 0.318800 ms CreateObjectMapping: 0.147900 ms MarkObjects: 3.033800 ms  DeleteObjects: 0.019900 ms)

========================================================================
Received Import Request.
  Time since last request: 503.076305 seconds.
  path: Assets/Phobiamend/Scripts/Ring.cs
  artifactKey: Guid(768011ad18db4774c9376bf719117aa5) Importer(815301076,1909f56bfc062723c751e8b465ee728b)
Start importing Assets/Phobiamend/Scripts/Ring.cs using Guid(768011ad18db4774c9376bf719117aa5) Importer(815301076,1909f56bfc062723c751e8b465ee728b)  -> (artifact id: '8fcc2e2080aa0d32ab7fc0ae6fd91935') in 0.016008 seconds
  Import took 0.044636 seconds .

========================================================================
Received Prepare
Registering precompiled user dll's ...
Registered in 0.001808 seconds.
Begin MonoManager ReloadAssembly
Native extension for WindowsStandalone target not found
Refreshing native plugins compatible for Editor in 0.74 ms, found 3 plugins.
Preloading 1 native plugins for Editor in 0.06 ms.
Invoked RoslynAnalysisRunner static constructor.
RoslynAnalysisRunner will not be running.
RoslynAnalysisRunner has terminated.
NullReferenceException: Object reference not set to an instance of an object
  at Unity.XR.Oculus.OculusLoader.AssetPathToAbsolutePath (System.String assetPath) [0x00048] in D:\Phobiamend\Phobiamend\Library\PackageCache\com.unity.xr.oculus@1.8.1\Runtime\OculusLoader.cs:243 
  at Unity.XR.Oculus.OculusLoader.EditorLoadOVRPlugin () [0x0007b] in D:\Phobiamend\Phobiamend\Library\PackageCache\com.unity.xr.oculus@1.8.1\Runtime\OculusLoader.cs:228 

(Filename: Library/PackageCache/com.unity.xr.oculus@1.8.1/Runtime/OculusLoader.cs Line: 243)

Mono: successfully reloaded assembly
- Completed reload, in  1.110 seconds
Platform modules already initialized, skipping
Shader 'Universal Render Pipeline/Particles/Lit': fallback shader 'Universal Render Pipeline/Particles/SimpleLit' not found
Refreshing native plugins compatible for Editor in 0.60 ms, found 3 plugins.
Preloading 1 native plugins for Editor in 0.05 ms.
Unloading 2901 Unused Serialized files (Serialized files now loaded: 0)
System memory in use before: 132.6 MB.
System memory in use after: 132.8 MB.

Unloading 7 unused Assets to reduce memory usage. Loaded Objects now: 3514.
Total: 3.466500 ms (FindLiveObjects: 0.377700 ms CreateObjectMapping: 0.123600 ms MarkObjects: 2.942100 ms  DeleteObjects: 0.021400 ms)

========================================================================
Received Import Request.
  Time since last request: 172.252205 seconds.
  path: Assets/Phobiamend/Scripts/EnumFlagAttributePropertyDrawer.cs
  artifactKey: Guid(8910c66eafc9a1c49b1ec50a43db424a) Importer(815301076,1909f56bfc062723c751e8b465ee728b)
Start importing Assets/Phobiamend/Scripts/EnumFlagAttributePropertyDrawer.cs using Guid(8910c66eafc9a1c49b1ec50a43db424a) Importer(815301076,1909f56bfc062723c751e8b465ee728b)  -> (artifact id: '874b45ba6ac74a41ca161d6d39855799') in 0.017608 seconds
  Import took 0.026509 seconds .

========================================================================
Received Prepare
Registering precompiled user dll's ...
Registered in 0.024807 seconds.
Begin MonoManager ReloadAssembly
Native extension for WindowsStandalone target not found
Refreshing native plugins compatible for Editor in 0.67 ms, found 3 plugins.
Preloading 1 native plugins for Editor in 0.09 ms.
Invoked RoslynAnalysisRunner static constructor.
RoslynAnalysisRunner will not be running.
RoslynAnalysisRunner has terminated.
NullReferenceException: Object reference not set to an instance of an object
  at Unity.XR.Oculus.OculusLoader.AssetPathToAbsolutePath (System.String assetPath) [0x00048] in D:\Phobiamend\Phobiamend\Library\PackageCache\com.unity.xr.oculus@1.8.1\Runtime\OculusLoader.cs:243 
  at Unity.XR.Oculus.OculusLoader.EditorLoadOVRPlugin () [0x0007b] in D:\Phobiamend\Phobiamend\Library\PackageCache\com.unity.xr.oculus@1.8.1\Runtime\OculusLoader.cs:228 

(Filename: Library/PackageCache/com.unity.xr.oculus@1.8.1/Runtime/OculusLoader.cs Line: 243)

Mono: successfully reloaded assembly
- Completed reload, in  1.234 seconds
Platform modules already initialized, skipping
Shader 'Universal Render Pipeline/Particles/Lit': fallback shader 'Universal Render Pipeline/Particles/SimpleLit' not found
Refreshing native plugins compatible for Editor in 0.63 ms, found 3 plugins.
Preloading 1 native plugins for Editor in 0.06 ms.
Unloading 2902 Unused Serialized files (Serialized files now loaded: 0)
System memory in use before: 132.6 MB.
System memory in use after: 132.8 MB.

Unloading 7 unused Assets to reduce memory usage. Loaded Objects now: 3519.
Total: 3.303300 ms (FindLiveObjects: 0.329100 ms CreateObjectMapping: 0.206300 ms MarkObjects: 2.746000 ms  DeleteObjects: 0.020300 ms)

========================================================================
Received Import Request.
  Time since last request: 27.629911 seconds.
  path: Assets/Phobiamend/Scripts/EnumFlagAttributePropertyDrawer.cs
  artifactKey: Guid(8910c66eafc9a1c49b1ec50a43db424a) Importer(815301076,1909f56bfc062723c751e8b465ee728b)
Start importing Assets/Phobiamend/Scripts/EnumFlagAttributePropertyDrawer.cs using Guid(8910c66eafc9a1c49b1ec50a43db424a) Importer(815301076,1909f56bfc062723c751e8b465ee728b)  -> (artifact id: '0cc4f7bd3c72e0434a0070f99d6516c4') in 0.014100 seconds
  Import took 0.022187 seconds .

========================================================================
Received Import Request.
  Time since last request: 13.729758 seconds.
  path: Assets/Phobiamend/Scripts/EnumFlagAttribute.cs
  artifactKey: Guid(d33f1da6b8ea1034ca03dfa48b7ac7fd) Importer(815301076,1909f56bfc062723c751e8b465ee728b)
Start importing Assets/Phobiamend/Scripts/EnumFlagAttribute.cs using Guid(d33f1da6b8ea1034ca03dfa48b7ac7fd) Importer(815301076,1909f56bfc062723c751e8b465ee728b)  -> (artifact id: '753fc543d54b3cf29f88b51d04a3430e') in 0.012986 seconds
  Import took 0.022959 seconds .

========================================================================
Received Prepare
Registering precompiled user dll's ...
Registered in 0.002406 seconds.
Begin MonoManager ReloadAssembly
Native extension for WindowsStandalone target not found
Refreshing native plugins compatible for Editor in 0.81 ms, found 3 plugins.
Preloading 1 native plugins for Editor in 0.07 ms.
Invoked RoslynAnalysisRunner static constructor.
RoslynAnalysisRunner will not be running.
RoslynAnalysisRunner has terminated.
NullReferenceException: Object reference not set to an instance of an object
  at Unity.XR.Oculus.OculusLoader.AssetPathToAbsolutePath (System.String assetPath) [0x00048] in D:\Phobiamend\Phobiamend\Library\PackageCache\com.unity.xr.oculus@1.8.1\Runtime\OculusLoader.cs:243 
  at Unity.XR.Oculus.OculusLoader.EditorLoadOVRPlugin () [0x0007b] in D:\Phobiamend\Phobiamend\Library\PackageCache\com.unity.xr.oculus@1.8.1\Runtime\OculusLoader.cs:228 

(Filename: Library/PackageCache/com.unity.xr.oculus@1.8.1/Runtime/OculusLoader.cs Line: 243)

Mono: successfully reloaded assembly
- Completed reload, in  1.491 seconds
Platform modules already initialized, skipping
Shader 'Universal Render Pipeline/Particles/Lit': fallback shader 'Universal Render Pipeline/Particles/SimpleLit' not found
Refreshing native plugins compatible for Editor in 0.74 ms, found 3 plugins.
Preloading 1 native plugins for Editor in 0.07 ms.
Unloading 2903 Unused Serialized files (Serialized files now loaded: 0)
System memory in use before: 132.7 MB.
System memory in use after: 132.9 MB.

Unloading 7 unused Assets to reduce memory usage. Loaded Objects now: 3524.
Total: 4.122600 ms (FindLiveObjects: 0.442900 ms CreateObjectMapping: 0.217800 ms MarkObjects: 3.438200 ms  DeleteObjects: 0.021900 ms)

========================================================================
Received Prepare
Registering precompiled user dll's ...
Registered in 0.002014 seconds.
Begin MonoManager ReloadAssembly
Native extension for WindowsStandalone target not found
Refreshing native plugins compatible for Editor in 0.70 ms, found 3 plugins.
Preloading 1 native plugins for Editor in 0.06 ms.
Invoked RoslynAnalysisRunner static constructor.
RoslynAnalysisRunner will not be running.
RoslynAnalysisRunner has terminated.
NullReferenceException: Object reference not set to an instance of an object
  at Unity.XR.Oculus.OculusLoader.AssetPathToAbsolutePath (System.String assetPath) [0x00048] in D:\Phobiamend\Phobiamend\Library\PackageCache\com.unity.xr.oculus@1.8.1\Runtime\OculusLoader.cs:243 
  at Unity.XR.Oculus.OculusLoader.EditorLoadOVRPlugin () [0x0007b] in D:\Phobiamend\Phobiamend\Library\PackageCache\com.unity.xr.oculus@1.8.1\Runtime\OculusLoader.cs:228 

(Filename: Library/PackageCache/com.unity.xr.oculus@1.8.1/Runtime/OculusLoader.cs Line: 243)

Mono: successfully reloaded assembly
- Completed reload, in  1.041 seconds
Platform modules already initialized, skipping
Shader 'Universal Render Pipeline/Particles/Lit': fallback shader 'Universal Render Pipeline/Particles/SimpleLit' not found
Refreshing native plugins compatible for Editor in 0.82 ms, found 3 plugins.
Preloading 1 native plugins for Editor in 0.07 ms.
Unloading 2901 Unused Serialized files (Serialized files now loaded: 0)
System memory in use before: 132.6 MB.
System memory in use after: 132.9 MB.

Unloading 7 unused Assets to reduce memory usage. Loaded Objects now: 3528.
Total: 2.986800 ms (FindLiveObjects: 0.288600 ms CreateObjectMapping: 0.284900 ms MarkObjects: 2.393300 ms  DeleteObjects: 0.018700 ms)

========================================================================
Received Prepare
Registering precompiled user dll's ...
Registered in 0.002654 seconds.
Begin MonoManager ReloadAssembly
Native extension for WindowsStandalone target not found
Refreshing native plugins compatible for Editor in 0.73 ms, found 3 plugins.
Preloading 1 native plugins for Editor in 0.07 ms.
Invoked RoslynAnalysisRunner static constructor.
RoslynAnalysisRunner will not be running.
RoslynAnalysisRunner has terminated.
NullReferenceException: Object reference not set to an instance of an object
  at Unity.XR.Oculus.OculusLoader.AssetPathToAbsolutePath (System.String assetPath) [0x00048] in D:\Phobiamend\Phobiamend\Library\PackageCache\com.unity.xr.oculus@1.8.1\Runtime\OculusLoader.cs:243 
  at Unity.XR.Oculus.OculusLoader.EditorLoadOVRPlugin () [0x0007b] in D:\Phobiamend\Phobiamend\Library\PackageCache\com.unity.xr.oculus@1.8.1\Runtime\OculusLoader.cs:228 

(Filename: Library/PackageCache/com.unity.xr.oculus@1.8.1/Runtime/OculusLoader.cs Line: 243)

Mono: successfully reloaded assembly
- Completed reload, in  1.279 seconds
Platform modules already initialized, skipping
Shader 'Universal Render Pipeline/Particles/Lit': fallback shader 'Universal Render Pipeline/Particles/SimpleLit' not found
Refreshing native plugins compatible for Editor in 0.75 ms, found 3 plugins.
Preloading 1 native plugins for Editor in 0.07 ms.
Unloading 2901 Unused Serialized files (Serialized files now loaded: 0)
System memory in use before: 132.6 MB.
System memory in use after: 132.9 MB.

Unloading 7 unused Assets to reduce memory usage. Loaded Objects now: 3532.
Total: 2.895900 ms (FindLiveObjects: 0.284300 ms CreateObjectMapping: 0.136200 ms MarkObjects: 2.454200 ms  DeleteObjects: 0.019400 ms)

========================================================================
Received Import Request.
  Time since last request: 674.129922 seconds.
  path: Assets/Phobiamend/Prefabs/Ring.prefab
  artifactKey: Guid(fb7c3f96bc139eb4fa864457d6ef48ea) Importer(815301076,1909f56bfc062723c751e8b465ee728b)
Start importing Assets/Phobiamend/Prefabs/Ring.prefab using Guid(fb7c3f96bc139eb4fa864457d6ef48ea) Importer(815301076,1909f56bfc062723c751e8b465ee728b)  -> (artifact id: 'e4614b8f80f32541b4cabdf3ce04021f') in 0.362632 seconds
  Import took 0.369171 seconds .

========================================================================
Received Prepare
Registering precompiled user dll's ...
Registered in 0.003700 seconds.
Begin MonoManager ReloadAssembly
Native extension for WindowsStandalone target not found
Refreshing native plugins compatible for Editor in 1.94 ms, found 3 plugins.
Preloading 1 native plugins for Editor in 0.12 ms.
Invoked RoslynAnalysisRunner static constructor.
RoslynAnalysisRunner will not be running.
RoslynAnalysisRunner has terminated.
NullReferenceException: Object reference not set to an instance of an object
  at Unity.XR.Oculus.OculusLoader.AssetPathToAbsolutePath (System.String assetPath) [0x00048] in D:\Phobiamend\Phobiamend\Library\PackageCache\com.unity.xr.oculus@1.8.1\Runtime\OculusLoader.cs:243 
  at Unity.XR.Oculus.OculusLoader.EditorLoadOVRPlugin () [0x0007b] in D:\Phobiamend\Phobiamend\Library\PackageCache\com.unity.xr.oculus@1.8.1\Runtime\OculusLoader.cs:228 

(Filename: Library/PackageCache/com.unity.xr.oculus@1.8.1/Runtime/OculusLoader.cs Line: 243)

Mono: successfully reloaded assembly
- Completed reload, in  2.613 seconds
Platform modules already initialized, skipping
Shader 'Universal Render Pipeline/Particles/Lit': fallback shader 'Universal Render Pipeline/Particles/SimpleLit' not found
Refreshing native plugins compatible for Editor in 1.04 ms, found 3 plugins.
Preloading 1 native plugins for Editor in 0.09 ms.
Unloading 2901 Unused Serialized files (Serialized files now loaded: 0)
System memory in use before: 137.8 MB.
System memory in use after: 138.1 MB.

Unloading 7 unused Assets to reduce memory usage. Loaded Objects now: 3581.
Total: 6.523000 ms (FindLiveObjects: 0.413600 ms CreateObjectMapping: 0.229000 ms MarkObjects: 5.823600 ms  DeleteObjects: 0.054400 ms)

========================================================================
Received Prepare
Registering precompiled user dll's ...
Registered in 0.007847 seconds.
Begin MonoManager ReloadAssembly
Native extension for WindowsStandalone target not found
Refreshing native plugins compatible for Editor in 0.78 ms, found 3 plugins.
Preloading 1 native plugins for Editor in 0.08 ms.
Invoked RoslynAnalysisRunner static constructor.
RoslynAnalysisRunner will not be running.
RoslynAnalysisRunner has terminated.
NullReferenceException: Object reference not set to an instance of an object
  at Unity.XR.Oculus.OculusLoader.AssetPathToAbsolutePath (System.String assetPath) [0x00048] in D:\Phobiamend\Phobiamend\Library\PackageCache\com.unity.xr.oculus@1.8.1\Runtime\OculusLoader.cs:243 
  at Unity.XR.Oculus.OculusLoader.EditorLoadOVRPlugin () [0x0007b] in D:\Phobiamend\Phobiamend\Library\PackageCache\com.unity.xr.oculus@1.8.1\Runtime\OculusLoader.cs:228 

(Filename: Library/PackageCache/com.unity.xr.oculus@1.8.1/Runtime/OculusLoader.cs Line: 243)

Mono: successfully reloaded assembly
- Completed reload, in  2.309 seconds
Platform modules already initialized, skipping
Shader 'Universal Render Pipeline/Particles/Lit': fallback shader 'Universal Render Pipeline/Particles/SimpleLit' not found
Refreshing native plugins compatible for Editor in 0.95 ms, found 3 plugins.
Preloading 1 native plugins for Editor in 0.09 ms.
Unloading 2901 Unused Serialized files (Serialized files now loaded: 0)
System memory in use before: 137.9 MB.
System memory in use after: 138.1 MB.

Unloading 7 unused Assets to reduce memory usage. Loaded Objects now: 3585.
Total: 4.484200 ms (FindLiveObjects: 0.335100 ms CreateObjectMapping: 0.176900 ms MarkObjects: 3.946600 ms  DeleteObjects: 0.023600 ms)

========================================================================
Received Prepare
Registering precompiled user dll's ...
Registered in 0.038592 seconds.
Begin MonoManager ReloadAssembly
Native extension for WindowsStandalone target not found
Refreshing native plugins compatible for Editor in 0.98 ms, found 3 plugins.
Preloading 1 native plugins for Editor in 0.09 ms.
Invoked RoslynAnalysisRunner static constructor.
RoslynAnalysisRunner will not be running.
RoslynAnalysisRunner has terminated.
NullReferenceException: Object reference not set to an instance of an object
  at Unity.XR.Oculus.OculusLoader.AssetPathToAbsolutePath (System.String assetPath) [0x00048] in D:\Phobiamend\Phobiamend\Library\PackageCache\com.unity.xr.oculus@1.8.1\Runtime\OculusLoader.cs:243 
  at Unity.XR.Oculus.OculusLoader.EditorLoadOVRPlugin () [0x0007b] in D:\Phobiamend\Phobiamend\Library\PackageCache\com.unity.xr.oculus@1.8.1\Runtime\OculusLoader.cs:228 

(Filename: Library/PackageCache/com.unity.xr.oculus@1.8.1/Runtime/OculusLoader.cs Line: 243)

Mono: successfully reloaded assembly
- Completed reload, in  2.463 seconds
Platform modules already initialized, skipping
Shader 'Universal Render Pipeline/Particles/Lit': fallback shader 'Universal Render Pipeline/Particles/SimpleLit' not found
Refreshing native plugins compatible for Editor in 1.62 ms, found 3 plugins.
Preloading 1 native plugins for Editor in 0.12 ms.
Unloading 2901 Unused Serialized files (Serialized files now loaded: 0)
System memory in use before: 137.9 MB.
System memory in use after: 138.1 MB.

Unloading 7 unused Assets to reduce memory usage. Loaded Objects now: 3589.
Total: 6.746400 ms (FindLiveObjects: 0.541400 ms CreateObjectMapping: 0.495400 ms MarkObjects: 5.627100 ms  DeleteObjects: 0.080400 ms)

========================================================================
Received Prepare
Registering precompiled user dll's ...
Registered in 0.004755 seconds.
Begin MonoManager ReloadAssembly
Native extension for WindowsStandalone target not found
Refreshing native plugins compatible for Editor in 1.78 ms, found 3 plugins.
Preloading 1 native plugins for Editor in 0.10 ms.
Invoked RoslynAnalysisRunner static constructor.
RoslynAnalysisRunner will not be running.
RoslynAnalysisRunner has terminated.
NullReferenceException: Object reference not set to an instance of an object
  at Unity.XR.Oculus.OculusLoader.AssetPathToAbsolutePath (System.String assetPath) [0x00048] in D:\Phobiamend\Phobiamend\Library\PackageCache\com.unity.xr.oculus@1.8.1\Runtime\OculusLoader.cs:243 
  at Unity.XR.Oculus.OculusLoader.EditorLoadOVRPlugin () [0x0007b] in D:\Phobiamend\Phobiamend\Library\PackageCache\com.unity.xr.oculus@1.8.1\Runtime\OculusLoader.cs:228 

(Filename: Library/PackageCache/com.unity.xr.oculus@1.8.1/Runtime/OculusLoader.cs Line: 243)

Mono: successfully reloaded assembly
- Completed reload, in  2.865 seconds
Platform modules already initialized, skipping
Shader 'Universal Render Pipeline/Particles/Lit': fallback shader 'Universal Render Pipeline/Particles/SimpleLit' not found
Refreshing native plugins compatible for Editor in 2.95 ms, found 3 plugins.
Preloading 1 native plugins for Editor in 0.11 ms.
Unloading 2901 Unused Serialized files (Serialized files now loaded: 0)
System memory in use before: 137.9 MB.
System memory in use after: 138.1 MB.

Unloading 7 unused Assets to reduce memory usage. Loaded Objects now: 3593.
Total: 31.414000 ms (FindLiveObjects: 2.192000 ms CreateObjectMapping: 0.585400 ms MarkObjects: 28.605800 ms  DeleteObjects: 0.028300 ms)

========================================================================
Received Prepare
Registering precompiled user dll's ...
Registered in 0.005032 seconds.
Begin MonoManager ReloadAssembly
Native extension for WindowsStandalone target not found
Refreshing native plugins compatible for Editor in 1.02 ms, found 3 plugins.
Preloading 1 native plugins for Editor in 0.09 ms.
Invoked RoslynAnalysisRunner static constructor.
RoslynAnalysisRunner will not be running.
RoslynAnalysisRunner has terminated.
NullReferenceException: Object reference not set to an instance of an object
  at Unity.XR.Oculus.OculusLoader.AssetPathToAbsolutePath (System.String assetPath) [0x00048] in D:\Phobiamend\Phobiamend\Library\PackageCache\com.unity.xr.oculus@1.8.1\Runtime\OculusLoader.cs:243 
  at Unity.XR.Oculus.OculusLoader.EditorLoadOVRPlugin () [0x0007b] in D:\Phobiamend\Phobiamend\Library\PackageCache\com.unity.xr.oculus@1.8.1\Runtime\OculusLoader.cs:228 

(Filename: Library/PackageCache/com.unity.xr.oculus@1.8.1/Runtime/OculusLoader.cs Line: 243)

Mono: successfully reloaded assembly
- Completed reload, in  2.000 seconds
Platform modules already initialized, skipping
Shader 'Universal Render Pipeline/Particles/Lit': fallback shader 'Universal Render Pipeline/Particles/SimpleLit' not found
Refreshing native plugins compatible for Editor in 0.87 ms, found 3 plugins.
Preloading 1 native plugins for Editor in 0.09 ms.
Unloading 2901 Unused Serialized files (Serialized files now loaded: 0)
System memory in use before: 137.9 MB.
System memory in use after: 138.1 MB.

Unloading 7 unused Assets to reduce memory usage. Loaded Objects now: 3597.
Total: 3.848400 ms (FindLiveObjects: 0.418200 ms CreateObjectMapping: 0.242000 ms MarkObjects: 3.118800 ms  DeleteObjects: 0.067800 ms)

========================================================================
Received Prepare
Registering precompiled user dll's ...
Registered in 0.004494 seconds.
Begin MonoManager ReloadAssembly
Native extension for WindowsStandalone target not found
Refreshing native plugins compatible for Editor in 0.81 ms, found 3 plugins.
Preloading 1 native plugins for Editor in 0.09 ms.
Invoked RoslynAnalysisRunner static constructor.
RoslynAnalysisRunner will not be running.
RoslynAnalysisRunner has terminated.
NullReferenceException: Object reference not set to an instance of an object
  at Unity.XR.Oculus.OculusLoader.AssetPathToAbsolutePath (System.String assetPath) [0x00048] in D:\Phobiamend\Phobiamend\Library\PackageCache\com.unity.xr.oculus@1.8.1\Runtime\OculusLoader.cs:243 
  at Unity.XR.Oculus.OculusLoader.EditorLoadOVRPlugin () [0x0007b] in D:\Phobiamend\Phobiamend\Library\PackageCache\com.unity.xr.oculus@1.8.1\Runtime\OculusLoader.cs:228 

(Filename: Library/PackageCache/com.unity.xr.oculus@1.8.1/Runtime/OculusLoader.cs Line: 243)

Mono: successfully reloaded assembly
- Completed reload, in  1.667 seconds
Platform modules already initialized, skipping
Shader 'Universal Render Pipeline/Particles/Lit': fallback shader 'Universal Render Pipeline/Particles/SimpleLit' not found
Refreshing native plugins compatible for Editor in 0.87 ms, found 3 plugins.
Preloading 1 native plugins for Editor in 0.08 ms.
Unloading 2901 Unused Serialized files (Serialized files now loaded: 0)
System memory in use before: 137.9 MB.
System memory in use after: 138.1 MB.

Unloading 7 unused Assets to reduce memory usage. Loaded Objects now: 3601.
Total: 3.580600 ms (FindLiveObjects: 0.405700 ms CreateObjectMapping: 0.167400 ms MarkObjects: 2.986900 ms  DeleteObjects: 0.019400 ms)

========================================================================
Received Prepare
Registering precompiled user dll's ...
Registered in 0.005388 seconds.
Begin MonoManager ReloadAssembly
Native extension for WindowsStandalone target not found
Refreshing native plugins compatible for Editor in 2.40 ms, found 3 plugins.
Preloading 1 native plugins for Editor in 0.11 ms.
Invoked RoslynAnalysisRunner static constructor.
RoslynAnalysisRunner will not be running.
RoslynAnalysisRunner has terminated.
NullReferenceException: Object reference not set to an instance of an object
  at Unity.XR.Oculus.OculusLoader.AssetPathToAbsolutePath (System.String assetPath) [0x00048] in D:\Phobiamend\Phobiamend\Library\PackageCache\com.unity.xr.oculus@1.8.1\Runtime\OculusLoader.cs:243 
  at Unity.XR.Oculus.OculusLoader.EditorLoadOVRPlugin () [0x0007b] in D:\Phobiamend\Phobiamend\Library\PackageCache\com.unity.xr.oculus@1.8.1\Runtime\OculusLoader.cs:228 

(Filename: Library/PackageCache/com.unity.xr.oculus@1.8.1/Runtime/OculusLoader.cs Line: 243)

Mono: successfully reloaded assembly
- Completed reload, in  4.201 seconds
Platform modules already initialized, skipping
Shader 'Universal Render Pipeline/Particles/Lit': fallback shader 'Universal Render Pipeline/Particles/SimpleLit' not found
Refreshing native plugins compatible for Editor in 1.88 ms, found 3 plugins.
Preloading 1 native plugins for Editor in 0.10 ms.
Unloading 2901 Unused Serialized files (Serialized files now loaded: 0)
System memory in use before: 137.9 MB.
System memory in use after: 138.1 MB.

Unloading 7 unused Assets to reduce memory usage. Loaded Objects now: 3605.
Total: 10.307000 ms (FindLiveObjects: 0.575300 ms CreateObjectMapping: 0.967200 ms MarkObjects: 8.733700 ms  DeleteObjects: 0.028600 ms)

========================================================================
Received Prepare
Registering precompiled user dll's ...
Registered in 0.005163 seconds.
Begin MonoManager ReloadAssembly
Native extension for WindowsStandalone target not found
Refreshing native plugins compatible for Editor in 2.42 ms, found 3 plugins.
Preloading 1 native plugins for Editor in 0.12 ms.
Invoked RoslynAnalysisRunner static constructor.
RoslynAnalysisRunner will not be running.
RoslynAnalysisRunner has terminated.
NullReferenceException: Object reference not set to an instance of an object
  at Unity.XR.Oculus.OculusLoader.AssetPathToAbsolutePath (System.String assetPath) [0x00048] in D:\Phobiamend\Phobiamend\Library\PackageCache\com.unity.xr.oculus@1.8.1\Runtime\OculusLoader.cs:243 
  at Unity.XR.Oculus.OculusLoader.EditorLoadOVRPlugin () [0x0007b] in D:\Phobiamend\Phobiamend\Library\PackageCache\com.unity.xr.oculus@1.8.1\Runtime\OculusLoader.cs:228 

(Filename: Library/PackageCache/com.unity.xr.oculus@1.8.1/Runtime/OculusLoader.cs Line: 243)

Mono: successfully reloaded assembly
- Completed reload, in  8.622 seconds
Platform modules already initialized, skipping
Shader 'Universal Render Pipeline/Particles/Lit': fallback shader 'Universal Render Pipeline/Particles/SimpleLit' not found
Refreshing native plugins compatible for Editor in 0.88 ms, found 3 plugins.
Preloading 1 native plugins for Editor in 0.09 ms.
Unloading 2901 Unused Serialized files (Serialized files now loaded: 0)
System memory in use before: 137.9 MB.
System memory in use after: 138.1 MB.

Unloading 7 unused Assets to reduce memory usage. Loaded Objects now: 3609.
Total: 21.480800 ms (FindLiveObjects: 4.506900 ms CreateObjectMapping: 0.414500 ms MarkObjects: 16.530300 ms  DeleteObjects: 0.026600 ms)

========================================================================
Received Prepare
Registering precompiled user dll's ...
Registered in 0.002747 seconds.
Begin MonoManager ReloadAssembly
Native extension for WindowsStandalone target not found
Refreshing native plugins compatible for Editor in 1.01 ms, found 3 plugins.
Preloading 1 native plugins for Editor in 0.37 ms.
Invoked RoslynAnalysisRunner static constructor.
RoslynAnalysisRunner will not be running.
RoslynAnalysisRunner has terminated.
NullReferenceException: Object reference not set to an instance of an object
  at Unity.XR.Oculus.OculusLoader.AssetPathToAbsolutePath (System.String assetPath) [0x00048] in D:\Phobiamend\Phobiamend\Library\PackageCache\com.unity.xr.oculus@1.8.1\Runtime\OculusLoader.cs:243 
  at Unity.XR.Oculus.OculusLoader.EditorLoadOVRPlugin () [0x0007b] in D:\Phobiamend\Phobiamend\Library\PackageCache\com.unity.xr.oculus@1.8.1\Runtime\OculusLoader.cs:228 

(Filename: Library/PackageCache/com.unity.xr.oculus@1.8.1/Runtime/OculusLoader.cs Line: 243)

Mono: successfully reloaded assembly
- Completed reload, in  2.699 seconds
Platform modules already initialized, skipping
Shader 'Universal Render Pipeline/Particles/Lit': fallback shader 'Universal Render Pipeline/Particles/SimpleLit' not found
Refreshing native plugins compatible for Editor in 1.65 ms, found 3 plugins.
Preloading 1 native plugins for Editor in 0.11 ms.
Unloading 2901 Unused Serialized files (Serialized files now loaded: 0)
System memory in use before: 137.9 MB.
System memory in use after: 138.1 MB.

Unloading 7 unused Assets to reduce memory usage. Loaded Objects now: 3613.
Total: 4.588300 ms (FindLiveObjects: 0.447000 ms CreateObjectMapping: 0.252400 ms MarkObjects: 3.862400 ms  DeleteObjects: 0.024900 ms)

