Using pre-set license
Built from '2020.3/release' branch; Version is '2020.3.1f1 (77a89f25062f) revision 7841951'; Using compiler version '192528614'; Build Type 'Release'
OS: 'Windows 10 Home; OS build 19042.928; Version 2009; 64bit' Language: 'es' Physical Memory: 16245 MB
BatchMode: 1, IsHumanControllingUs: 0, StartBugReporterOnCrash: 0, Is64bit: 1, IsPro: 0

 COMMAND LINE ARGUMENTS:
C:\Program Files\Unity\Hub\Editor\2020.3.1f1\Editor\Unity.exe
-adb2
-batchMode
-noUpm
-name
AssetImportWorker3
-projectPath
D:/Phobiamend/Phobiamend
-logFile
Logs/AssetImportWorker3.log
-srvPort
52403
Successfully changed project path to: D:/Phobiamend/Phobiamend
D:/Phobiamend/Phobiamend
Using Asset Import Pipeline V2.
Refreshing native plugins compatible for Editor in 92.67 ms, found 3 plugins.
Preloading 1 native plugins for Editor in 0.91 ms.
Initialize engine version: 2020.3.1f1 (77a89f25062f)
[Subsystems] Discovering subsystems at path C:/Program Files/Unity/Hub/Editor/2020.3.1f1/Editor/Data/Resources/UnitySubsystems
[Subsystems] Discovering subsystems at path D:/Phobiamend/Phobiamend/Assets
GfxDevice: creating device client; threaded=0
Direct3D:
    Version:  Direct3D 11.0 [level 11.1]
    Renderer: NVIDIA GeForce GTX 960 (ID=0x1401)
    Vendor:   
    VRAM:     4053 MB
    Driver:   27.21.14.5730
Shader 'Universal Render Pipeline/Particles/Lit': fallback shader 'Universal Render Pipeline/Particles/SimpleLit' not found
Initialize mono
Mono path[0] = 'C:/Program Files/Unity/Hub/Editor/2020.3.1f1/Editor/Data/Managed'
Mono path[1] = 'C:/Program Files/Unity/Hub/Editor/2020.3.1f1/Editor/Data/MonoBleedingEdge/lib/mono/unityjit'
Mono config path = 'C:/Program Files/Unity/Hub/Editor/2020.3.1f1/Editor/Data/MonoBleedingEdge/etc'
Using monoOptions --debugger-agent=transport=dt_socket,embedding=1,server=y,suspend=n,address=127.0.0.1:56800
Begin MonoManager ReloadAssembly
Registering precompiled unity dll's ...
Register platform support module: C:/Program Files/Unity/Hub/Editor/2020.3.1f1/Editor/Data/PlaybackEngines/WindowsStandaloneSupport/UnityEditor.WindowsStandalone.Extensions.dll
Registered in 0.001904 seconds.
Native extension for WindowsStandalone target not found
Refreshing native plugins compatible for Editor in 85.03 ms, found 3 plugins.
Preloading 1 native plugins for Editor in 0.08 ms.
Invoked RoslynAnalysisRunner static constructor.
RoslynAnalysisRunner will not be running.
RoslynAnalysisRunner has terminated.
Mono: successfully reloaded assembly
- Completed reload, in  1.628 seconds
Platform modules already initialized, skipping
Registering precompiled user dll's ...
Registered in 0.005303 seconds.
Begin MonoManager ReloadAssembly
Native extension for WindowsStandalone target not found
Refreshing native plugins compatible for Editor in 137.39 ms, found 3 plugins.
Preloading 1 native plugins for Editor in 0.09 ms.
Invoked RoslynAnalysisRunner static constructor.
RoslynAnalysisRunner will not be running.
RoslynAnalysisRunner has terminated.
NullReferenceException: Object reference not set to an instance of an object
  at Unity.XR.Oculus.OculusLoader.AssetPathToAbsolutePath (System.String assetPath) [0x0004c] in D:\Phobiamend\Phobiamend\Library\PackageCache\com.unity.xr.oculus@1.8.1\Runtime\OculusLoader.cs:243 
  at Unity.XR.Oculus.OculusLoader.EditorLoadOVRPlugin () [0x000b0] in D:\Phobiamend\Phobiamend\Library\PackageCache\com.unity.xr.oculus@1.8.1\Runtime\OculusLoader.cs:228 

(Filename: Library/PackageCache/com.unity.xr.oculus@1.8.1/Runtime/OculusLoader.cs Line: 243)

Mono: successfully reloaded assembly
- Completed reload, in  7.296 seconds
Platform modules already initialized, skipping
========================================================================
Worker process is ready to serve import requests
Shader 'Universal Render Pipeline/Particles/Lit': fallback shader 'Universal Render Pipeline/Particles/SimpleLit' not found
Launched and connected shader compiler UnityShaderCompiler.exe after 0.12 seconds
Refreshing native plugins compatible for Editor in 1.04 ms, found 3 plugins.
Preloading 1 native plugins for Editor in 0.09 ms.
Unloading 3218 Unused Serialized files (Serialized files now loaded: 0)
System memory in use before: 159.3 MB.
System memory in use after: 159.5 MB.

Unloading 15 unused Assets to reduce memory usage. Loaded Objects now: 3683.
Total: 5.398200 ms (FindLiveObjects: 0.504100 ms CreateObjectMapping: 0.515000 ms MarkObjects: 4.247600 ms  DeleteObjects: 0.129100 ms)

========================================================================
Received Import Request.
  path: Assets/Phobiamend/Scenes/Acrophobia.unity
  artifactKey: Guid(ee64d2eaa88de2c4193d1408d73e63f1) Importer(815301076,1909f56bfc062723c751e8b465ee728b)
Start importing Assets/Phobiamend/Scenes/Acrophobia.unity using Guid(ee64d2eaa88de2c4193d1408d73e63f1) Importer(815301076,1909f56bfc062723c751e8b465ee728b)  -> (artifact id: 'e0389a644c2112a7a8603708c5b7f3f2') in 0.051941 seconds
  Import took 0.062744 seconds .

========================================================================
Received Import Request.
  Time since last request: 208.119981 seconds.
  path: Assets/Town Constructor 3/Scenes/DemoSceneLightSetting3.unity
  artifactKey: Guid(09f25dfdfde37364388a302888402d81) Importer(815301076,1909f56bfc062723c751e8b465ee728b)
Start importing Assets/Town Constructor 3/Scenes/DemoSceneLightSetting3.unity using Guid(09f25dfdfde37364388a302888402d81) Importer(815301076,1909f56bfc062723c751e8b465ee728b)  -> (artifact id: '2322a4ceb1784070ca6c23a74962de2e') in 0.004197 seconds
  Import took 0.011050 seconds .

========================================================================
Received Import Request.
  Time since last request: 303.080209 seconds.
  path: Assets/Phobiamend/Prefabs/Environment.prefab
  artifactKey: Guid(ea908d725bc76ae44ba46d5f9730fe1d) Importer(815301076,1909f56bfc062723c751e8b465ee728b)
Start importing Assets/Phobiamend/Prefabs/Environment.prefab using Guid(ea908d725bc76ae44ba46d5f9730fe1d) Importer(815301076,1909f56bfc062723c751e8b465ee728b)  -> (artifact id: 'ba987e318aa2de5f65df7a76366dbaa3') in 32.045930 seconds
  Import took 32.281311 seconds .

========================================================================
Received Import Request.
  Time since last request: 837.866335 seconds.
  path: Assets/Phobiamend/Scenes/PhobiamendHall.unity
  artifactKey: Guid(f0439a2f8d9edf34d8f316cafcb47605) Importer(815301076,1909f56bfc062723c751e8b465ee728b)
Start importing Assets/Phobiamend/Scenes/PhobiamendHall.unity using Guid(f0439a2f8d9edf34d8f316cafcb47605) Importer(815301076,1909f56bfc062723c751e8b465ee728b)  -> (artifact id: 'd78a20e14a78036dfb2d3866fdc4cbb5') in 0.005510 seconds
  Import took 0.012785 seconds .

========================================================================
Received Prepare
Registering precompiled user dll's ...
Registered in 0.003106 seconds.
Begin MonoManager ReloadAssembly
Native extension for WindowsStandalone target not found
Refreshing native plugins compatible for Editor in 0.91 ms, found 3 plugins.
Preloading 1 native plugins for Editor in 0.09 ms.
Invoked RoslynAnalysisRunner static constructor.
RoslynAnalysisRunner will not be running.
RoslynAnalysisRunner has terminated.
NullReferenceException: Object reference not set to an instance of an object
  at Unity.XR.Oculus.OculusLoader.AssetPathToAbsolutePath (System.String assetPath) [0x0004c] in D:\Phobiamend\Phobiamend\Library\PackageCache\com.unity.xr.oculus@1.8.1\Runtime\OculusLoader.cs:243 
  at Unity.XR.Oculus.OculusLoader.EditorLoadOVRPlugin () [0x000b0] in D:\Phobiamend\Phobiamend\Library\PackageCache\com.unity.xr.oculus@1.8.1\Runtime\OculusLoader.cs:228 

(Filename: Library/PackageCache/com.unity.xr.oculus@1.8.1/Runtime/OculusLoader.cs Line: 243)

Mono: successfully reloaded assembly
- Completed reload, in  1.646 seconds
Platform modules already initialized, skipping
Shader 'Universal Render Pipeline/Particles/Lit': fallback shader 'Universal Render Pipeline/Particles/SimpleLit' not found
Refreshing native plugins compatible for Editor in 1.23 ms, found 3 plugins.
Preloading 1 native plugins for Editor in 0.10 ms.
Unloading 3016 Unused Serialized files (Serialized files now loaded: 0)
System memory in use before: 168.1 MB.
System memory in use after: 168.3 MB.

Unloading 9 unused Assets to reduce memory usage. Loaded Objects now: 3735.
Total: 5.379600 ms (FindLiveObjects: 0.932100 ms CreateObjectMapping: 0.503300 ms MarkObjects: 3.913200 ms  DeleteObjects: 0.028900 ms)

AssetImportWorkerClient::OnTransportError - code=2 error=End of file
